[1.230s] Invoking command in '/home/avinaash/doozy_robotics/doozy_ws_2/build/doozy_actions': CMAKE_PREFIX_PATH=${CMAKE_PREFIX_PATH}:/home/avinaash/doozy_robotics/doozy_ws_2/install/turtlebot3_teleop:/home/avinaash/doozy_robotics/doozy_ws_2/install/turtlebot3_example:/home/avinaash/doozy_robotics/doozy_ws_2/install/pallet_docker_02:/opt/ros/galactic /usr/bin/cmake --build /home/avinaash/doozy_robotics/doozy_ws_2/build/doozy_actions -- -j12 -l12
[1.630s] -- Found ament_cmake: 1.1.6 (/opt/ros/galactic/share/ament_cmake/cmake)
[1.631s] -- Found PythonInterp: /usr/bin/python3 (found suitable version "3.8.10", minimum required is "3") 
[1.631s] -- Using PYTHON_EXECUTABLE: /usr/bin/python3
[1.632s] -- Found ament_lint_auto: 0.10.7 (/opt/ros/galactic/share/ament_lint_auto/cmake)
[1.632s] -- Found rosidl_default_generators: 1.1.1 (/opt/ros/galactic/share/rosidl_default_generators/cmake)
[1.633s] -- Using all available rosidl_typesupport_c: rosidl_typesupport_fastrtps_c;rosidl_typesupport_introspection_c
[1.635s] -- Found rosidl_adapter: 2.2.3 (/opt/ros/galactic/share/rosidl_adapter/cmake)
[1.905s] -- Using all available rosidl_typesupport_cpp: rosidl_typesupport_fastrtps_cpp;rosidl_typesupport_introspection_cpp
[1.958s] -- Found PythonInterp: /usr/bin/python3 (found version "3.8.10") 
[2.364s] CMake Error at /opt/ros/galactic/share/rosidl_adapter/cmake/rosidl_adapt_interfaces.cmake:60 (message):
[2.364s]   execute_process(/usr/bin/python3 -m rosidl_adapter --package-name
[2.364s]   doozy_actions --arguments-file
[2.365s]   /home/avinaash/doozy_robotics/doozy_ws_2/build/doozy_actions/rosidl_adapter__arguments__doozy_actions.json
[2.365s]   --output-dir
[2.365s]   /home/avinaash/doozy_robotics/doozy_ws_2/build/doozy_actions/rosidl_adapter/doozy_actions
[2.365s]   --output-file
[2.366s]   /home/avinaash/doozy_robotics/doozy_ws_2/build/doozy_actions/rosidl_adapter/doozy_actions.idls)
[2.366s]   returned error code 1:
[2.366s] 
[2.366s]   Error processing 'bool docked_to_target__' of 'doozy_actions/dolly_dock':
[2.366s]   ''docked_to_target__' is an invalid field name.  It should have the pattern
[2.367s]   '^(?!.*__)(?!.*_$)[a-z][a-z0-9_]*$''
[2.367s] 
[2.367s]   Traceback (most recent call last):
[2.367s] 
[2.367s]     File "/usr/lib/python3.8/runpy.py", line 194, in _run_module_as_main
[2.368s]       return _run_code(code, main_globals, None,
[2.369s]     File "/usr/lib/python3.8/runpy.py", line 87, in _run_code
[2.369s]       exec(code, run_globals)
[2.369s]     File "/opt/ros/galactic/lib/python3.8/site-packages/rosidl_adapter/__main__.py", line 19, in <module>
[2.369s]       sys.exit(main())
[2.370s]     File "/opt/ros/galactic/lib/python3.8/site-packages/rosidl_adapter/main.py", line 53, in main
[2.370s]       abs_idl_file = convert_to_idl(
[2.370s]     File "/opt/ros/galactic/lib/python3.8/site-packages/rosidl_adapter/__init__.py", line 19, in convert_to_idl
[2.370s]       return convert_msg_to_idl(
[2.371s]     File "/opt/ros/galactic/lib/python3.8/site-packages/rosidl_adapter/msg/__init__.py", line 28, in convert_msg_to_idl
[2.371s]       msg = parse_message_string(package_name, input_file.stem, content)
[2.371s]     File "/opt/ros/galactic/lib/python3.8/site-packages/rosidl_adapter/parser.py", line 515, in parse_message_string
[2.372s]       fields.append(Field(
[2.372s]     File "/opt/ros/galactic/lib/python3.8/site-packages/rosidl_adapter/parser.py", line 353, in __init__
[2.372s]       raise NameError(
[2.373s] 
[2.373s]   NameError: 'docked_to_target__' is an invalid field name.  It should have
[2.376s]   the pattern '^(?!.*__)(?!.*_$)[a-z][a-z0-9_]*$'
[2.377s] 
[2.377s] Call Stack (most recent call first):
[2.377s]   /opt/ros/galactic/share/rosidl_cmake/cmake/rosidl_generate_interfaces.cmake:130 (rosidl_adapt_interfaces)
[2.378s]   CMakeLists.txt:27 (rosidl_generate_interfaces)
[2.378s] 
[2.379s] 
[2.381s] -- Configuring incomplete, errors occurred!
[2.381s] See also "/home/avinaash/doozy_robotics/doozy_ws_2/build/doozy_actions/CMakeFiles/CMakeOutput.log".
[2.382s] make: *** [Makefile:748: cmake_check_build_system] Error 1
[2.383s] Invoked command in '/home/avinaash/doozy_robotics/doozy_ws_2/build/doozy_actions' returned '2': CMAKE_PREFIX_PATH=${CMAKE_PREFIX_PATH}:/home/avinaash/doozy_robotics/doozy_ws_2/install/turtlebot3_teleop:/home/avinaash/doozy_robotics/doozy_ws_2/install/turtlebot3_example:/home/avinaash/doozy_robotics/doozy_ws_2/install/pallet_docker_02:/opt/ros/galactic /usr/bin/cmake --build /home/avinaash/doozy_robotics/doozy_ws_2/build/doozy_actions -- -j12 -l12
