[1.189s] Invoking command in '/home/avinaash/doozy_robotics/doozy_ws_2/build/doozy_actions': CMAKE_PREFIX_PATH=${CMAKE_PREFIX_PATH}:/home/avinaash/doozy_robotics/doozy_ws_2/install/turtlebot3_teleop:/home/avinaash/doozy_robotics/doozy_ws_2/install/turtlebot3_example:/home/avinaash/doozy_robotics/doozy_ws_2/install/pallet_docker_02:/opt/ros/galactic /usr/bin/cmake --build /home/avinaash/doozy_robotics/doozy_ws_2/build/doozy_actions -- -j12 -l12
[1.573s] -- Found ament_cmake: 1.1.6 (/opt/ros/galactic/share/ament_cmake/cmake)
[1.575s] -- Found PythonInterp: /usr/bin/python3 (found suitable version "3.8.10", minimum required is "3") 
[1.575s] -- Using PYTHON_EXECUTABLE: /usr/bin/python3
[1.575s] -- Found ament_lint_auto: 0.10.7 (/opt/ros/galactic/share/ament_lint_auto/cmake)
[1.576s] -- Found rosidl_default_generators: 1.1.1 (/opt/ros/galactic/share/rosidl_default_generators/cmake)
[1.576s] -- Using all available rosidl_typesupport_c: rosidl_typesupport_fastrtps_c;rosidl_typesupport_introspection_c
[1.576s] -- Found rosidl_adapter: 2.2.3 (/opt/ros/galactic/share/rosidl_adapter/cmake)
[1.682s] -- Using all available rosidl_typesupport_cpp: rosidl_typesupport_fastrtps_cpp;rosidl_typesupport_introspection_cpp
[1.781s] -- Found PythonInterp: /usr/bin/python3 (found version "3.8.10") 
[2.174s] CMake Error at /opt/ros/galactic/share/rosidl_adapter/cmake/rosidl_adapt_interfaces.cmake:60 (message):
[2.174s]   execute_process(/usr/bin/python3 -m rosidl_adapter --package-name
[2.174s]   doozy_actions --arguments-file
[2.174s]   /home/avinaash/doozy_robotics/doozy_ws_2/build/doozy_actions/rosidl_adapter__arguments__doozy_actions.json
[2.175s]   --output-dir
[2.175s]   /home/avinaash/doozy_robotics/doozy_ws_2/build/doozy_actions/rosidl_adapter/doozy_actions
[2.175s]   --output-file
[2.175s]   /home/avinaash/doozy_robotics/doozy_ws_2/build/doozy_actions/rosidl_adapter/doozy_actions.idls)
[2.176s]   returned error code 1:
[2.176s] 
[2.176s]   Error processing 'header header' of 'doozy_actions/Diagnostics': ''header'
[2.177s]   is an invalid message name.  It should have the pattern
[2.177s]   '^[A-Z][A-Za-z0-9]*$''
[2.177s] 
[2.177s]   Traceback (most recent call last):
[2.177s] 
[2.178s]     File "/usr/lib/python3.8/runpy.py", line 194, in _run_module_as_main
[2.178s]       return _run_code(code, main_globals, None,
[2.178s]     File "/usr/lib/python3.8/runpy.py", line 87, in _run_code
[2.178s]       exec(code, run_globals)
[2.178s]     File "/opt/ros/galactic/lib/python3.8/site-packages/rosidl_adapter/__main__.py", line 19, in <module>
[2.178s]       sys.exit(main())
[2.178s]     File "/opt/ros/galactic/lib/python3.8/site-packages/rosidl_adapter/main.py", line 53, in main
[2.179s]       abs_idl_file = convert_to_idl(
[2.179s]     File "/opt/ros/galactic/lib/python3.8/site-packages/rosidl_adapter/__init__.py", line 19, in convert_to_idl
[2.179s]       return convert_msg_to_idl(
[2.179s]     File "/opt/ros/galactic/lib/python3.8/site-packages/rosidl_adapter/msg/__init__.py", line 28, in convert_msg_to_idl
[2.179s]       msg = parse_message_string(package_name, input_file.stem, content)
[2.179s]     File "/opt/ros/galactic/lib/python3.8/site-packages/rosidl_adapter/parser.py", line 516, in parse_message_string
[2.180s]       Type(type_string, context_package_name=pkg_name),
[2.180s]     File "/opt/ros/galactic/lib/python3.8/site-packages/rosidl_adapter/parser.py", line 276, in __init__
[2.180s]       super(Type, self).__init__(
[2.180s]     File "/opt/ros/galactic/lib/python3.8/site-packages/rosidl_adapter/parser.py", line 204, in __init__
[2.180s]       raise InvalidResourceName(
[2.180s] 
[2.180s]   rosidl_adapter.parser.InvalidResourceName: 'header' is an invalid message
[2.181s]   name.  It should have the pattern '^[A-Z][A-Za-z0-9]*$'
[2.181s] 
[2.181s] Call Stack (most recent call first):
[2.181s]   /opt/ros/galactic/share/rosidl_cmake/cmake/rosidl_generate_interfaces.cmake:130 (rosidl_adapt_interfaces)
[2.181s]   CMakeLists.txt:27 (rosidl_generate_interfaces)
[2.181s] 
[2.181s] 
[2.182s] -- Configuring incomplete, errors occurred!
[2.182s] See also "/home/avinaash/doozy_robotics/doozy_ws_2/build/doozy_actions/CMakeFiles/CMakeOutput.log".
[2.194s] make: *** [Makefile:748: cmake_check_build_system] Error 1
[2.228s] Invoked command in '/home/avinaash/doozy_robotics/doozy_ws_2/build/doozy_actions' returned '2': CMAKE_PREFIX_PATH=${CMAKE_PREFIX_PATH}:/home/avinaash/doozy_robotics/doozy_ws_2/install/turtlebot3_teleop:/home/avinaash/doozy_robotics/doozy_ws_2/install/turtlebot3_example:/home/avinaash/doozy_robotics/doozy_ws_2/install/pallet_docker_02:/opt/ros/galactic /usr/bin/cmake --build /home/avinaash/doozy_robotics/doozy_ws_2/build/doozy_actions -- -j12 -l12
