[3.386s] Invoking command in '/home/avinaash/doozy_robotics/doozy_ws_2/src/turtlebot3_applications/turtlebot3_automatic_parking': PYTHONPATH=/home/avinaash/doozy_robotics/doozy_ws_2/build/turtlebot3_automatic_parking/prefix_override:/home/avinaash/doozy_robotics/doozy_ws_2/install/turtlebot3_automatic_parking/lib/python3.8/site-packages:${PYTHONPATH} /usr/bin/python3 -W ignore:setup.py install is deprecated setup.py egg_info --egg-base ../../../build/turtlebot3_automatic_parking build --build-base /home/avinaash/doozy_robotics/doozy_ws_2/build/turtlebot3_automatic_parking/build install --record /home/avinaash/doozy_robotics/doozy_ws_2/build/turtlebot3_automatic_parking/install.log --install-scripts $base/lib/turtlebot3_automatic_parking --single-version-externally-managed install_data
[4.246s] Traceback (most recent call last):
[4.247s]   File "/usr/lib/python3/dist-packages/pkg_resources/__init__.py", line 2859, in get_entry_map
[4.248s]     ep_map = self._ep_map
[4.248s]   File "/usr/lib/python3/dist-packages/pkg_resources/__init__.py", line 2817, in __getattr__
[4.248s]     raise AttributeError(attr)
[4.248s] AttributeError: _ep_map
[4.248s] 
[4.248s] During handling of the above exception, another exception occurred:
[4.249s] 
[4.249s] Traceback (most recent call last):
[4.249s]   File "setup.py", line 9, in <module>
[4.249s]     setup(
[4.249s]   File "/usr/lib/python3/dist-packages/setuptools/__init__.py", line 143, in setup
[4.250s]     _install_setup_requires(attrs)
[4.250s]   File "/usr/lib/python3/dist-packages/setuptools/__init__.py", line 131, in _install_setup_requires
[4.250s]     dist = distutils.core.Distribution(dict(
[4.250s]   File "/usr/lib/python3/dist-packages/setuptools/dist.py", line 445, in __init__
[4.250s]     for ep in pkg_resources.iter_entry_points('distutils.setup_keywords'):
[4.251s]   File "/usr/lib/python3/dist-packages/pkg_resources/__init__.py", line 657, in <genexpr>
[4.251s]     for entry in dist.get_entry_map(group).values()
[4.252s]   File "/usr/lib/python3/dist-packages/pkg_resources/__init__.py", line 2861, in get_entry_map
[4.252s]     ep_map = self._ep_map = EntryPoint.parse_map(
[4.252s]   File "/usr/lib/python3/dist-packages/pkg_resources/__init__.py", line 2529, in parse_map
[4.252s]     for group, lines in data:
[4.252s]   File "/usr/lib/python3/dist-packages/pkg_resources/__init__.py", line 3201, in split_sections
[4.253s]     for line in yield_lines(s):
[4.253s]   File "/usr/lib/python3/dist-packages/pkg_resources/__init__.py", line 2389, in yield_lines
[4.253s]     for ss in strs:
[4.253s]   File "/usr/lib/python3/dist-packages/pkg_resources/__init__.py", line 2769, in _get_metadata
[4.253s]     for line in self.get_metadata_lines(name):
[4.253s]   File "/usr/lib/python3/dist-packages/pkg_resources/__init__.py", line 1433, in get_metadata_lines
[4.254s]     return yield_lines(self.get_metadata(name))
[4.254s]   File "/usr/lib/python3/dist-packages/pkg_resources/__init__.py", line 1421, in get_metadata
[4.254s]     value = self._get(path)
[4.254s]   File "/usr/lib/python3/dist-packages/pkg_resources/__init__.py", line 1617, in _get
[4.254s]     with open(path, 'rb') as stream:
[4.255s] FileNotFoundError: [Errno 2] No such file or directory: '/home/avinaash/doozy_robotics/doozy_ws_2/install/turtlebot3_example/lib/python3.8/site-packages/turtlebot3_example-2.1.4-py3.8.egg-info/entry_points.txt'
[4.278s] Invoked command in '/home/avinaash/doozy_robotics/doozy_ws_2/src/turtlebot3_applications/turtlebot3_automatic_parking' returned '1': PYTHONPATH=/home/avinaash/doozy_robotics/doozy_ws_2/build/turtlebot3_automatic_parking/prefix_override:/home/avinaash/doozy_robotics/doozy_ws_2/install/turtlebot3_automatic_parking/lib/python3.8/site-packages:${PYTHONPATH} /usr/bin/python3 -W ignore:setup.py install is deprecated setup.py egg_info --egg-base ../../../build/turtlebot3_automatic_parking build --build-base /home/avinaash/doozy_robotics/doozy_ws_2/build/turtlebot3_automatic_parking/build install --record /home/avinaash/doozy_robotics/doozy_ws_2/build/turtlebot3_automatic_parking/install.log --install-scripts $base/lib/turtlebot3_automatic_parking --single-version-externally-managed install_data
